<?xml version="1.0" encoding="UTF-8"?>
<!-- Generated by org.testng.reporters.JUnitReportReporter -->
<testsuite hostname="Yammys-MacBook-Pro.local" name="com.pcloudy.testng.TestClass2" tests="1" failures="0" timestamp="19 Jul 2017 10:40:48 GMT" time="7.311" errors="0">
  <testcase name="test2" time="7.311" classname="com.pcloudy.testng.TestClass2"/>
</testsuite> <!-- com.pcloudy.testng.TestClass2 -->
