<?xml version="1.0" encoding="UTF-8"?>
<!-- Generated by org.testng.reporters.JUnitReportReporter -->
<testsuite skipped="0" hostname="apeksha-pc" name="com.pcloudy.testng.Runner" tests="1" failures="0" timestamp="27 Jul 2018 09:13:05 GMT" time="59.825" errors="0">
  <testcase name="Test" time="59.825" classname="com.pcloudy.testng.Runner"/>
</testsuite> <!-- com.pcloudy.testng.Runner -->
