<?xml version="1.0" encoding="UTF-8"?>
<!-- Generated by org.testng.reporters.JUnitReportReporter -->
<testsuite hostname="Yammys-MacBook-Pro.local" name="com.pCloudy.test.SingleDevice" tests="2" failures="0" timestamp="17 Jul 2017 10:10:31 GMT" time="71.465" errors="0">
  <testcase name="Test2" time="38.942" classname="com.pCloudy.test.SingleDevice"/>
  <testcase name="Test1" time="32.523" classname="com.pCloudy.test.SingleDevice"/>
</testsuite> <!-- com.pCloudy.test.SingleDevice -->
