<?xml version="1.0" encoding="UTF-8"?>
<!-- Generated by org.testng.reporters.JUnitReportReporter -->
<testsuite hostname="Yammys-MacBook-Pro.local" name="com.testng.pCloudy.TestClass2" tests="1" failures="0" timestamp="19 Jul 2017 08:58:51 GMT" time="1.549" errors="0">
  <testcase name="test2" time="1.549" classname="com.testng.pCloudy.TestClass2"/>
</testsuite> <!-- com.testng.pCloudy.TestClass2 -->
