<?xml version="1.0" encoding="UTF-8"?>
<!-- Generated by org.testng.reporters.JUnitReportReporter -->
<testsuite hostname="Yammys-MacBook-Pro.local" name="com.testng.pCloudy.TestClass1" tests="1" failures="0" timestamp="19 Jul 2017 08:58:51 GMT" time="1.665" errors="0">
  <testcase name="test1" time="1.665" classname="com.testng.pCloudy.TestClass1"/>
</testsuite> <!-- com.testng.pCloudy.TestClass1 -->
