<?xml version="1.0" encoding="UTF-8"?>
<!-- Generated by org.testng.reporters.JUnitReportReporter -->
<testsuite skipped="0" hostname="Yammys-MacBook-Pro.local" name="com.pCloudy.testNG.pCloudyRunner" tests="2" failures="0" timestamp="19 Jul 2017 08:25:26 GMT" time="43.535" errors="0">
  <testcase name="Test2" time="17.815" classname="com.pCloudy.testNG.pCloudyRunner"/>
  <testcase name="Test1" time="25.720" classname="com.pCloudy.testNG.pCloudyRunner"/>
</testsuite> <!-- com.pCloudy.testNG.pCloudyRunner -->
