<?xml version="1.0" encoding="UTF-8"?>
<!-- Generated by org.testng.reporters.JUnitReportReporter -->
<testsuite hostname="dell-Latitude-7410" failures="0" tests="2" name="com.pCloudy.testNg.Runner" time="105.462" errors="0" timestamp="18 Oct 2024 15:49:21 GMT" skipped="0">
  <testcase classname="com.pCloudy.testNg.Runner" name="demoTest" time="56.759"/>
  <testcase classname="com.pCloudy.testNg.Runner" name="demoTest" time="48.703"/>
</testsuite> <!-- com.pCloudy.testNg.Runner -->
