<?xml version="1.0" encoding="UTF-8"?>
<!-- Generated by org.testng.reporters.JUnitReportReporter -->
<testsuite hostname="Yammys-MacBook-Pro.local" name="com.pcloudy.testng.TestClass1" tests="2" failures="0" timestamp="10 Jul 2017 09:44:14 GMT" time="24.836" errors="0">
  <testcase name="test1" time="9.824" classname="com.pcloudy.testng.TestClass1"/>
  <testcase name="test1" time="15.012" classname="com.pcloudy.testng.TestClass1"/>
</testsuite> <!-- com.pcloudy.testng.TestClass1 -->
