<?xml version="1.0" encoding="UTF-8"?>
<!-- Generated by org.testng.reporters.JUnitReportReporter -->
<testsuite hostname="Yammys-MacBook-Pro.local" name="com.pcloudy.testng.TestClass2" tests="2" failures="0" timestamp="10 Jul 2017 09:44:14 GMT" time="20.837" errors="0">
  <testcase name="test2" time="9.527" classname="com.pcloudy.testng.TestClass2"/>
  <testcase name="test2" time="11.310" classname="com.pcloudy.testng.TestClass2"/>
</testsuite> <!-- com.pcloudy.testng.TestClass2 -->
