<?xml version="1.0" encoding="UTF-8"?>
<!-- Generated by org.testng.reporters.JUnitReportReporter -->
<testsuite hostname="dell-Latitude-7410" failures="0" tests="2" name="com.pCloudy.testNG.Runner" time="130.376" errors="0" timestamp="08 Jan 2025 13:53:24 GMT" skipped="0">
  <testcase classname="com.pCloudy.testNG.Runner" name="Test" time="56.938"/>
  <testcase classname="com.pCloudy.testNG.Runner" name="Test" time="73.438"/>
</testsuite> <!-- com.pCloudy.testNG.Runner -->
