<?xml version="1.0" encoding="UTF-8"?>
<!-- Generated by org.testng.reporters.JUnitReportReporter -->
<testsuite hostname="dell-Latitude-7410" failures="0" tests="1" name="com.pCloudy.testNg.Runner" time="57.411" errors="0" timestamp="18 Oct 2024 14:52:27 GMT" skipped="0">
  <testcase classname="com.pCloudy.testNg.Runner" name="demoTest" time="57.411"/>
</testsuite> <!-- com.pCloudy.testNg.Runner -->
